<?xml version="1.0" encoding="UTF-8"?>
<testng-results skipped="0" failed="0" ignored="0" total="1" passed="1">
  <reporter-output>
  </reporter-output>
  <suite name="Default suite" duration-ms="10353" started-at="2023-07-21T01:02:15 CDT" finished-at="2023-07-21T01:02:25 CDT">
    <groups>
    </groups>
    <test name="Default test" duration-ms="10353" started-at="2023-07-21T01:02:15 CDT" finished-at="2023-07-21T01:02:25 CDT">
      <class name="testScripts.CdpDevtools">
        <test-method status="PASS" signature="setup()[pri:0, instance:testScripts.CdpDevtools@544a2ea6]" name="setup" is-config="true" duration-ms="5684" started-at="2023-07-21T01:02:15 CDT" finished-at="2023-07-21T01:02:20 CDT">
          <reporter-output>
          </reporter-output>
        </test-method> <!-- setup -->
        <test-method status="PASS" signature="basicAuthTest()[pri:0, instance:testScripts.CdpDevtools@544a2ea6]" name="basicAuthTest" duration-ms="4557" started-at="2023-07-21T01:02:20 CDT" finished-at="2023-07-21T01:02:25 CDT">
          <reporter-output>
          </reporter-output>
        </test-method> <!-- basicAuthTest -->
      </class> <!-- testScripts.CdpDevtools -->
    </test> <!-- Default test -->
  </suite> <!-- Default suite -->
</testng-results>
