<?xml version="1.0" encoding="UTF-8"?>
<testng-results skipped="0" failed="0" ignored="0" total="3" passed="3">
  <reporter-output>
  </reporter-output>
  <suite name="Default suite" duration-ms="65052" started-at="2023-07-18T01:03:00 CDT" finished-at="2023-07-18T01:04:05 CDT">
    <groups>
    </groups>
    <test name="Default test" duration-ms="65052" started-at="2023-07-18T01:03:00 CDT" finished-at="2023-07-18T01:04:05 CDT">
      <class name="testScripts.GooglePageTest">
        <test-method status="PASS" signature="setup()[pri:0, instance:testScripts.GooglePageTest@8e24743]" name="setup" is-config="true" duration-ms="10689" started-at="2023-07-18T01:03:00 CDT" finished-at="2023-07-18T01:03:11 CDT">
          <reporter-output>
          </reporter-output>
        </test-method> <!-- setup -->
        <test-method status="PASS" signature="javaSearchTest()[pri:1, instance:testScripts.GooglePageTest@8e24743]" name="javaSearchTest" duration-ms="6543" started-at="2023-07-18T01:03:11 CDT" finished-at="2023-07-18T01:03:18 CDT">
          <reporter-output>
          </reporter-output>
        </test-method> <!-- javaSearchTest -->
        <test-method status="PASS" signature="appiumSearchTest()[pri:3, instance:testScripts.GooglePageTest@8e24743]" name="appiumSearchTest" duration-ms="20221" started-at="2023-07-18T01:03:18 CDT" finished-at="2023-07-18T01:03:38 CDT">
          <reporter-output>
          </reporter-output>
        </test-method> <!-- appiumSearchTest -->
        <test-method status="PASS" signature="gitSearchTest()[pri:0, instance:testScripts.GooglePageTest@8e24743]" name="gitSearchTest" duration-ms="26389" started-at="2023-07-18T01:03:38 CDT" depends-on-methods="testScripts.GooglePageTest.appiumSearchTest" finished-at="2023-07-18T01:04:04 CDT">
          <reporter-output>
          </reporter-output>
        </test-method> <!-- gitSearchTest -->
        <test-method status="PASS" signature="teardown()[pri:0, instance:testScripts.GooglePageTest@8e24743]" name="teardown" is-config="true" duration-ms="845" started-at="2023-07-18T01:04:04 CDT" finished-at="2023-07-18T01:04:05 CDT">
          <reporter-output>
          </reporter-output>
        </test-method> <!-- teardown -->
      </class> <!-- testScripts.GooglePageTest -->
    </test> <!-- Default test -->
  </suite> <!-- Default suite -->
</testng-results>
