<?xml version="1.0" encoding="UTF-8"?>
<!-- Generated by org.testng.reporters.JUnitXMLReporter -->
<testsuite hostname="Gokulnath" ignored="1" name="Default test(failed)" tests="1" failures="0" timestamp="2023-07-18T00:22:24 CDT" time="14.673" errors="0">
  <testcase name="javaSearchTest" time="9.248" classname="testScripts.GooglePageTest"/>
  <testcase name="gitSearchTest" time="0.0" classname="testScripts.GooglePageTest">
    <ignored/>
  </testcase> <!-- gitSearchTest -->
</testsuite> <!-- Default test(failed) -->
