<?xml version="1.0" encoding="UTF-8"?>
<testng-results skipped="0" failed="0" ignored="0" total="1" passed="1">
  <reporter-output>
  </reporter-output>
  <suite name="Default suite" duration-ms="15264" started-at="2023-07-24T03:01:05 CDT" finished-at="2023-07-24T03:01:20 CDT">
    <groups>
      <group name="cucumber">
        <method signature="AbstractTestNGCucumberTests.runScenario(io.cucumber.testng.PickleWrapper,io.cucumber.testng.FeatureWrapper)[pri:0, instance:runner.GoogleTestRunner@3578436e]" name="runScenario" class="io.cucumber.testng.AbstractTestNGCucumberTests"/>
      </group> <!-- cucumber -->
    </groups>
    <test name="Default test" duration-ms="15264" started-at="2023-07-24T03:01:05 CDT" finished-at="2023-07-24T03:01:20 CDT">
      <class name="runner.GoogleTestRunner">
        <test-method status="PASS" signature="setUpClass(org.testng.ITestContext)[pri:0, instance:runner.GoogleTestRunner@3578436e]" name="setUpClass" is-config="true" duration-ms="1480" started-at="2023-07-24T03:01:05 CDT" finished-at="2023-07-24T03:01:07 CDT">
          <params>
            <param index="0">
              <value>
                <![CDATA[org.testng.TestRunner@659a2455]]>
              </value>
            </param>
          </params>
          <reporter-output>
          </reporter-output>
        </test-method> <!-- setUpClass -->
        <test-method status="PASS" signature="runScenario(io.cucumber.testng.PickleWrapper,io.cucumber.testng.FeatureWrapper)[pri:0, instance:runner.GoogleTestRunner@3578436e]" name="runScenario" duration-ms="10876" started-at="2023-07-24T03:01:07 CDT" description="Runs Cucumber Scenarios" data-provider="scenarios" finished-at="2023-07-24T03:01:17 CDT">
          <params>
            <param index="0">
              <value>
                <![CDATA["Search Java Tutorial"]]>
              </value>
            </param>
            <param index="1">
              <value>
                <![CDATA["Google Page Search"]]>
              </value>
            </param>
          </params>
          <reporter-output>
          </reporter-output>
        </test-method> <!-- runScenario -->
        <test-method status="PASS" signature="tearDownClass()[pri:0, instance:runner.GoogleTestRunner@3578436e]" name="tearDownClass" is-config="true" duration-ms="2843" started-at="2023-07-24T03:01:17 CDT" finished-at="2023-07-24T03:01:20 CDT">
          <reporter-output>
          </reporter-output>
        </test-method> <!-- tearDownClass -->
      </class> <!-- runner.GoogleTestRunner -->
    </test> <!-- Default test -->
  </suite> <!-- Default suite -->
</testng-results>
