<?xml version="1.0" encoding="UTF-8"?>
<!-- Generated by org.testng.reporters.JUnitXMLReporter -->
<testsuite hostname="Gokulnath" ignored="0" name="Default test" tests="10" failures="0" timestamp="2023-07-18T02:54:41 CDT" time="0.159" errors="0">
  <testcase name="testOne" time="0.016" classname="parallelScripts.SampleOneTest"/>
  <testcase name="testThree" time="0.002" classname="parallelScripts.SampleOneTest"/>
  <testcase name="testTwo" time="0.009" classname="parallelScripts.SampleOneTest"/>
  <testcase name="testTwo" time="0.008" classname="parallelScripts.SampleOneTest"/>
  <testcase name="testTwo" time="0.009" classname="parallelScripts.SampleOneTest"/>
  <testcase name="testTwo" time="0.002" classname="parallelScripts.SampleOneTest"/>
  <testcase name="testTwo" time="0.009" classname="parallelScripts.SampleOneTest"/>
  <testcase name="testTwo" time="0.012" classname="parallelScripts.SampleOneTest"/>
  <testcase name="testTwo" time="0.004" classname="parallelScripts.SampleOneTest"/>
  <testcase name="testTwo" time="0.01" classname="parallelScripts.SampleOneTest"/>
</testsuite> <!-- Default test -->
