<?xml version="1.0" encoding="UTF-8"?>
<!-- Generated by org.testng.reporters.JUnitXMLReporter -->
<testsuite hostname="Gokulnath" ignored="0" name="Default test" tests="3" failures="0" timestamp="2023-07-18T01:04:05 CDT" time="65.052" errors="0">
  <testcase name="javaSearchTest" time="6.543" classname="testScripts.GooglePageTest"/>
  <testcase name="appiumSearchTest" time="20.221" classname="testScripts.GooglePageTest"/>
  <testcase name="gitSearchTest" time="26.389" classname="testScripts.GooglePageTest"/>
</testsuite> <!-- Default test -->
