<?xml version="1.0" encoding="UTF-8"?>
<!-- Generated by org.testng.reporters.JUnitXMLReporter -->
<testsuite hostname="Gokulnath" ignored="0" name="ModuleTest" tests="6" failures="0" timestamp="2023-07-18T02:44:11 CDT" time="0.143" errors="0">
  <testcase name="testOne" time="0.025" classname="parallelScripts.SampleOneTest"/>
  <testcase name="testOne" time="0.023" classname="parallelScripts.SampleTwoTest"/>
  <testcase name="testThree" time="0.002" classname="parallelScripts.SampleOneTest"/>
  <testcase name="testTwo" time="0.003" classname="parallelScripts.SampleOneTest"/>
  <testcase name="testThree" time="0.008" classname="parallelScripts.SampleTwoTest"/>
  <testcase name="testTwo" time="0.002" classname="parallelScripts.SampleTwoTest"/>
</testsuite> <!-- ModuleTest -->
