<?xml version="1.0" encoding="UTF-8"?>
<!-- Generated by org.testng.reporters.JUnitXMLReporter -->
<testsuite hostname="Gokulnath" ignored="0" name="ModuleTestTwo" tests="6" failures="0" timestamp="2023-07-18T02:52:27 CDT" time="0.019" errors="0">
  <testcase name="testOne" time="0.002" classname="parallelScripts.SampleOneTest"/>
  <testcase name="testOne" time="0.002" classname="parallelScripts.SampleThreeTest"/>
  <testcase name="testThree" time="0.002" classname="parallelScripts.SampleOneTest"/>
  <testcase name="testThree" time="0.001" classname="parallelScripts.SampleThreeTest"/>
  <testcase name="testTwo" time="0.003" classname="parallelScripts.SampleOneTest"/>
  <testcase name="testTwo" time="0.001" classname="parallelScripts.SampleThreeTest"/>
</testsuite> <!-- ModuleTestTwo -->
