<?xml version="1.0" encoding="UTF-8"?>
<!-- Generated by org.testng.reporters.JUnitXMLReporter -->
<testsuite hostname="Gokulnath" ignored="8" tests="0" failures="0" timestamp="2023-07-18T02:12:09 CDT" time="0.016" errors="0">
  <testcase name="testFour" time="0.0" classname="testScripts.SampleThreeTest">
    <ignored/>
  </testcase> <!-- testFour -->
  <testcase name="testThree" time="0.0" classname="testScripts.SampleFourTest">
    <ignored/>
  </testcase> <!-- testThree -->
  <testcase name="testOne" time="0.0" classname="testScripts.SampleThreeTest">
    <ignored/>
  </testcase> <!-- testOne -->
  <testcase name="testTwo" time="0.0" classname="testScripts.SampleThreeTest">
    <ignored/>
  </testcase> <!-- testTwo -->
  <testcase name="testOne" time="0.0" classname="testScripts.SampleFourTest">
    <ignored/>
  </testcase> <!-- testOne -->
  <testcase name="testThree" time="0.0" classname="testScripts.SampleThreeTest">
    <ignored/>
  </testcase> <!-- testThree -->
  <testcase name="testTwo" time="0.0" classname="testScripts.SampleFourTest">
    <ignored/>
  </testcase> <!-- testTwo -->
  <testcase name="testFour" time="0.0" classname="testScripts.SampleFourTest">
    <ignored/>
  </testcase> <!-- testFour -->
</testsuite>
